[#181 -> Ampharos: Light Pokémon - ['electric'] - ['Static', 'Plus'] - 61.5Kg - 1.4m - 45% - true - 2 gen] - 25/05/1999
[#791 -> Solgaleo: Sunne Pokémon - ['psychic,'steel'] - ['Full Metal Body'] - 230.0Kg - 3.4m - 45% - true - 7 gen] - 20/05/2016
[#453 -> Croagunk: Toxic Mouth Pokémon - ['poison,'fighting'] - ['Anticipation', 'Dry Skin', 'Poison Touch'] - 23.0Kg - 0.7m - 140% - true - 4 gen] - 21/05/2006
[#46 -> Paras: Mushroom Pokémon - ['bug,'grass'] - ['Effect Spore', 'Dry Skin', 'Damp'] - 5.4Kg - 0.3m - 190% - true - 1 gen] - 01/11/1996
[#137 -> Porygon: Virtual Pokémon - ['normal'] - ['Trace', 'Download', 'Analytic'] - 36.5Kg - 0.8m - 45% - true - 1 gen] - 06/06/1996
[#718 -> Zygarde: Order Pokémon - ['dragon,'ground'] - ['Aura Break', 'Power Construct'] - 284.6Kg - 5.0m - 3% - true - 6 gen] - 08/02/2013
[#56 -> Mankey: Pig Monkey Pokémon - ['fighting'] - ['Vital Spirit', 'Anger Point', 'Defiant'] - 28.0Kg - 0.5m - 190% - true - 1 gen] - 02/05/1996
[#261 -> Poochyena: Bite Pokémon - ['dark'] - ['Run Away', 'Quick Feet', 'Rattled'] - 13.6Kg - 0.5m - 255% - true - 3 gen] - 26/07/2002
[#91 -> Cloyster: Bivalve Pokémon - ['water,'ice'] - ['Shell Armor', 'Skill Link', 'Overcoat'] - 132.5Kg - 1.5m - 60% - true - 1 gen] - 05/06/1996
[#317 -> Swalot: Poison Bag Pokémon - ['poison'] - ['Liquid Ooze', 'Sticky Hold', 'Gluttony'] - 80.0Kg - 1.7m - 75% - true - 3 gen] - 16/03/2002
[#297 -> Hariyama: Arm Thrust Pokémon - ['fighting'] - ['Thick Fat', 'Guts', 'Sheer Force'] - 253.8Kg - 2.3m - 200% - true - 3 gen] - 21/01/2002
[#189 -> Jumpluff: Cottonweed Pokémon - ['grass,'flying'] - ['Chlorophyll', 'Leaf Guard', 'Infiltrator'] - 3.0Kg - 0.8m - 45% - true - 2 gen] - 15/05/1999
[#132 -> Ditto: Transform Pokémon - ['normal'] - ['Limber', 'Imposter'] - 4.0Kg - 0.3m - 35% - true - 1 gen] - 15/01/1996
[#677 -> Espurr: Restraint Pokémon - ['psychic'] - ['Keen Eye', 'Infiltrator', 'Own Tempo'] - 3.5Kg - 0.3m - 190% - true - 6 gen] - 28/07/2013
[#398 -> Staraptor: Predator Pokémon - ['normal,'flying'] - ['Intimidate', 'Reckless'] - 24.9Kg - 1.2m - 45% - true - 4 gen] - 18/01/2006
[#506 -> Lillipup: Puppy Pokémon - ['normal'] - ['Vital Spirit', 'Pickup', 'Run Away'] - 4.1Kg - 0.4m - 255% - true - 5 gen] - 04/09/2010
[#527 -> Woobat: Bat Pokémon - ['psychic,'flying'] - ['Unaware', 'Klutz', 'Simple'] - 2.1Kg - 0.4m - 190% - true - 5 gen] - 09/01/2010
[#382 -> Kyogre: Sea Basin Pokémon - ['water'] - ['Drizzle'] - 352.0Kg - 4.5m - 3% - true - 3 gen] - 24/06/2002
[#700 -> Sylveon: Intertwining Pokémon - ['fairy'] - ['Cute Charm', 'Pixilate'] - 23.5Kg - 1.0m - 45% - true - 6 gen] - 02/07/2013
[#550 -> Basculin: Hostile Pokémon - ['water'] - ['Reckless', 'Rock Head', 'Adaptability', 'Mold Breaker'] - 18.0Kg - 1.0m - 25% - true - 5 gen] - 04/08/2010
[#47 -> Parasect: Mushroom Pokémon - ['bug,'grass'] - ['Effect Spore', 'Dry Skin', 'Damp'] - 29.5Kg - 1.0m - 75% - true - 1 gen] - 04/04/1996
[#61 -> Poliwhirl: Tadpole Pokémon - ['water'] - ['Water Absorb', 'Damp', 'Swift Swim'] - 20.0Kg - 1.0m - 120% - true - 1 gen] - 24/10/1996
[#252 -> Treecko: Wood Gecko Pokémon - ['grass'] - ['Overgrow', 'Unburden'] - 5.0Kg - 0.5m - 45% - true - 3 gen] - 19/01/2002
[#564 -> Tirtouga: Prototurtle Pokémon - ['water,'rock'] - ['Solid Rock', 'Sturdy', 'Swift Swim'] - 16.5Kg - 0.7m - 45% - true - 5 gen] - 02/09/2010
[#473 -> Mamoswine: Twin Tusk Pokémon - ['ice,'ground'] - ['Oblivious', 'Snow Cloak', 'Thick Fat'] - 291.0Kg - 2.5m - 50% - true - 4 gen] - 09/12/2006
[#642 -> Thundurus: Bolt Strike Pokémon - ['electric,'flying'] - ['Prankster', 'Defiant', 'Volt Absorb'] - 61.0Kg - 1.5m - 3% - true - 5 gen] - 29/09/2010
[#500 -> Emboar: Mega Fire Pig Pokémon - ['fire,'fighting'] - ['Blaze', 'Reckless'] - 150.0Kg - 1.6m - 45% - true - 5 gen] - 15/06/2010
[#98 -> Krabby: River Crab Pokémon - ['water'] - ['Hyper Cutter', 'Shell Armor', 'Sheer Force'] - 6.5Kg - 0.4m - 225% - true - 1 gen] - 11/04/1996
[#222 -> Corsola: Coral Pokémon - ['water,'rock'] - ['Hustle', 'Natural Cure', 'Regenerator'] - 5.0Kg - 0.6m - 60% - true - 2 gen] - 07/07/1999
[#608 -> Lampent: Lamp Pokémon - ['ghost,'fire'] - ['Flash Fire', 'Flame Body', 'Infiltrator'] - 13.0Kg - 0.6m - 90% - true - 5 gen] - 17/05/2010
[#19 -> Rattata: Mouse Pokémon - ['normal,'dark'] - ['Run Away', 'Guts', 'Hustle', 'Gluttony', 'Hustle', 'Thick Fat'] - 0.0Kg - 0.0m - 255% - true - 1 gen] - 20/12/1996
[#24 -> Arbok: Cobra Pokémon - ['poison'] - ['Intimidate', 'Shed Skin', 'Unnerve'] - 65.0Kg - 3.5m - 90% - true - 1 gen] - 28/01/1996
[#777 -> Togedemaru: Roly-Poly Pokémon - ['electric,'steel'] - ['Iron Barbs', 'Lightningrod', 'Sturdy'] - 3.3Kg - 0.3m - 180% - true - 7 gen] - 04/09/2016
[#466 -> Electivire: Thunderbolt Pokémon - ['electric'] - ['Motor Drive', 'Vital Spirit'] - 138.6Kg - 1.8m - 30% - true - 4 gen] - 15/07/2006
[#328 -> Trapinch: Ant Pit Pokémon - ['ground'] - ['Hyper Cutter', 'Arena Trap', 'Sheer Force'] - 15.0Kg - 0.7m - 255% - true - 3 gen] - 23/04/2002
[#740 -> Crabominable: Woolly Crab Pokémon - ['fighting,'ice'] - ['Hyper Cutter', 'Iron Fist', 'Anger Point'] - 180.0Kg - 1.7m - 60% - true - 7 gen] - 25/03/2016
[#438 -> Bonsly: Bonsai Pokémon - ['rock'] - ['Sturdy', 'Rock Head', 'Rattled'] - 15.0Kg - 0.5m - 255% - true - 4 gen] - 31/08/2006
[#682 -> Spritzee: Perfume Pokémon - ['fairy'] - ['Healer', 'Aroma Veil'] - 0.5Kg - 0.2m - 200% - true - 6 gen] - 14/06/2013
[#180 -> Flaaffy: Wool Pokémon - ['electric'] - ['Static', 'Plus'] - 13.3Kg - 0.8m - 120% - true - 2 gen] - 12/09/1999
[#708 -> Phantump: Stump Pokémon - ['ghost,'grass'] - ['Natural Cure', 'Frisk', 'Harvest'] - 7.0Kg - 0.4m - 120% - true - 6 gen] - 19/09/2013
[#174 -> Igglybuff: Balloon Pokémon - ['normal,'fairy'] - ['Cute Charm', 'Competitive', 'Friend Guard'] - 1.0Kg - 0.3m - 170% - true - 2 gen] - 05/04/1999
[#363 -> Spheal: Clap Pokémon - ['ice,'water'] - ['Thick Fat', 'Ice Body', 'Oblivious'] - 39.5Kg - 0.8m - 255% - true - 3 gen] - 05/11/2002
[#741 -> Oricorio: Dancing Pokémon - ['fire,'flying'] - ['Dancer'] - 3.4Kg - 0.6m - 45% - true - 7 gen] - 03/05/2016
[#21 -> Spearow: Tiny Bird Pokémon - ['normal,'flying'] - ['Keen Eye', 'Sniper'] - 2.0Kg - 0.3m - 255% - true - 1 gen] - 18/10/1996
[#493 -> Arceus: Alpha Pokémon - ['normal'] - ['Multitype'] - 320.0Kg - 3.2m - 3% - true - 4 gen] - 10/12/2006
[#477 -> Dusknoir: Gripper Pokémon - ['ghost'] - ['Pressure', 'Frisk'] - 106.6Kg - 2.2m - 45% - true - 4 gen] - 20/09/2006
[#411 -> Bastiodon: Shield Pokémon - ['rock,'steel'] - ['Sturdy', 'Soundproof'] - 149.5Kg - 1.3m - 45% - true - 4 gen] - 31/12/2006
[#248 -> Tyranitar: Armor Pokémon - ['rock,'dark'] - ['Sand Stream', 'Unnerve'] - 202.0Kg - 2.0m - 45% - true - 2 gen] - 27/10/1999
[#666 -> Vivillon: Scale Pokémon - ['bug,'flying'] - ['Shield Dust', 'Compoundeyes', 'Friend Guard'] - 17.0Kg - 1.2m - 45% - true - 6 gen] - 20/06/2013
[#112 -> Rhydon: Drill Pokémon - ['ground,'rock'] - ['Lightningrod', 'Rock Head', 'Reckless'] - 120.0Kg - 1.9m - 60% - true - 1 gen] - 28/03/1996
