Média: 45
Média: 45
Média: 76
Média: 105
Média: 93
Média: 84
Média: 113
Média: 136
Média: 110
Média: 116
Média: 156
Média: 127
Média: 83
Média: 109
Média: 103
Média: 114
Média: 143
Média: 136
Média: 107
Média: 103
Média: 92
Média: 78
Média: 102
Média: 127
Média: 173
Média: 142
Média: 169
Média: 145
Média: 120
Média: 78
Média: 78
Média: 36
Média: 48
Média: 54
Média: 69
Média: 69
Média: 69
Média: 67
Média: 52
Média: 37
Média: 73
(R) Tirtouga
(R) Mamoswine
(R) Thundurus
(R) Emboar
(R) Krabby
Média: 60
Média: 157
Média: 135
(R) Corsola
(R) Rattata
(R) Arbok
Média: 180
Média: 105
Média: 155
Média: 131
Média: 156

[0] [#777 -> Togedemaru: Roly-Poly Pokémon - ['electric', 'steel'] - ['Iron Barbs', 'Lightningrod', 'Sturdy'] - 3.3kg - 0.3m - 180% - false - 7 gen] - 04/09/2016
[1] [#466 -> Electivire: Thunderbolt Pokémon - ['electric'] - ['Motor Drive', 'Vital Spirit'] - 138.6kg - 1.8m - 30% - false - 4 gen] - 15/07/2006
[2] [#328 -> Trapinch: Ant Pit Pokémon - ['ground'] - ['Hyper Cutter', 'Arena Trap', 'Sheer Force'] - 15.0kg - 0.7m - 255% - false - 3 gen] - 23/04/2002
[3] [#740 -> Crabominable: Woolly Crab Pokémon - ['fighting', 'ice'] - ['Hyper Cutter', 'Iron Fist', 'Anger Point'] - 180.0kg - 1.7m - 60% - false - 7 gen] - 25/03/2016
[4] [#438 -> Bonsly: Bonsai Pokémon - ['rock'] - ['Sturdy', 'Rock Head', 'Rattled'] - 15.0kg - 0.5m - 255% - false - 4 gen] - 31/08/2006
