Média: 45
Média: 45
Média: 77
Média: 105
Média: 93
Média: 78
Média: 88
Média: 103
Média: 83
Média: 63
Média: 71
Média: 69
Média: 52
Média: 43
Média: 39
Média: 48
Média: 45
Média: 40
Média: 38
Média: 28
Média: 34
Média: 27
Média: 22
Média: 28
Média: 36
Média: 35
Média: 36
Média: 30
Média: 27
Média: 22
Média: 14
Média: 14
Média: 7
Média: 9
Média: 11
Média: 11
Média: 11
Média: 10
Média: 9
Média: 8
Média: 10
(R) Tirtouga
(R) Mamoswine
(R) Thundurus
(R) Emboar
(R) Krabby
Média: 2
Média: 8
Média: 10
(R) Corsola
(R) Rattata
(R) Arbok
Média: 5
Média: 6
Média: 12
Média: 13
Média: 19

[41] [#777 -> Togedemaru: Roly-Poly Pokémon - ['electric', 'steel'] - ['Iron Barbs', 'Lightningrod', 'Sturdy'] - 3.3kg - 0.3m - 180% - false - 7 gen] - 04/09/2016
[42] [#466 -> Electivire: Thunderbolt Pokémon - ['electric'] - ['Motor Drive', 'Vital Spirit'] - 138.6kg - 1.8m - 30% - false - 4 gen] - 15/07/2006
[43] [#328 -> Trapinch: Ant Pit Pokémon - ['ground'] - ['Hyper Cutter', 'Arena Trap', 'Sheer Force'] - 15.0kg - 0.7m - 255% - false - 3 gen] - 23/04/2002
[44] [#740 -> Crabominable: Woolly Crab Pokémon - ['fighting', 'ice'] - ['Hyper Cutter', 'Iron Fist', 'Anger Point'] - 180.0kg - 1.7m - 60% - false - 7 gen] - 25/03/2016
[45] [#438 -> Bonsly: Bonsai Pokémon - ['rock'] - ['Sturdy', 'Rock Head', 'Rattled'] - 15.0kg - 0.5m - 255% - false - 4 gen] - 31/08/2006
