0.200000
939000.000000
9000.000000
9000.000000
0.000000
0.000000
0.000000
0.125000
0.264000
0.495000
306000.000000
69000.000000
3000.000000
0.000000
0.000000
0.000000
0.253000
0.507000
0.217000
525000.000000
72000.000000
1000.000000
0.000000
841.000000
9.000000
0.000000
0.000000
122.000000
4.000000
0.000000
0.000000
361.000000
0.000000
0.000000
0.000000
435.000000
0.047000
4000.000000
0.000000
88.387000
516000.000000
0.000000
712.368000
5.144000
29000.000000
0.000000
918.090000
0.450000
4000.000000
0.000000
53.307000
799000.000000
0.000000
782.179000
8.715000
77000.000000
0.000000
517.143000
0.808000
9000.000000
0.000000
24.068000
14000.000000
0.000000
351.384000
7.454000
642000.000000
0.000000
0.000000
11.745000
331000.000000
0.000000
946.349000
2.771000
34000.000000
0.000000
317.116000
0.176000
8000.000000
0.000000
31.683000
892000.000000
0.000000
506.847000
4.242000
343000.000000
0.000000
264.422000
6.307000
80000.000000
0.000000
0.000000
58.554000
89000.000000
0.000000
588.031000
8.048000
42000.000000
0.000000
0.000000
60.306000
309000.000000
0.000000
