dﾢd
dfdﾢﾢ
Dgd
diﾢ
dld
dod
dpd
Dqd
dqlolqd
dud
dudud
dvd
dwd
dylyd
hoh
hvvh
pdpdp
pdpdp
pdwdp
phwhp
rfr
rplvvﾢvvlpr
Rpr
rvvr
Rwr
Rwwr
ryr
udflilfdu
udgdu
udgdu
uhjhu
udldu
udodu
udpdu
udsdu
udvdu
uhohu
uhwhu
uhwhu
uhyhu
uhylyhu
ulu
urgdgru
urwru
vdfdv
vdldv
vdodv
vdqdv
vdsdv
vdudv
vduduﾢv
vhuhv
vrfrv
vrpﾢydprv
vrpﾢprv
vrsdsrv
Dgd
Dqd
Dqqd
Ere
Heeh
Heeh
Hooh
Hyh
Kdqqdk
Phqhp
Qdwdq
Qdxdq
Qhyhq
Rwr
Rwwr
Udldu
Uhqqhu
Pxvvxp
Edxde
Uhyhu
Odho#Ohdo
Qhxtxﾢq
Qhxtxﾢq
Pxwxp
Dfdldfd
Pxﾢxp
Plulp
Lwdwl
Dlohq#0#Qﾢold
dedv#0#vdeﾢ
dfduﾢ#0#dudﾢﾢ
dfﾢp#0#Phfd
dﾢr#0#rfd
Dgqdq#0#Qdqgd
ﾢjlo#0#oljd
dodv#0#vdod
doﾢp#0#phod
Dodql#0#lqdod
doﾢ#0#roﾢ
dpdp#0#pdpd
dpru#0#Urpd
dpru#0#urpﾢ
dprud#0#durpd
dph#0#hpd
dqdo#0#Odqd
dqho#0#Ohqd
dqhohp#0#phohqd
dqlo#0#Olqd
dqlpdo#0#oﾢplqd
dqlv#0#vlqd
dsﾢv#0#vrsd
du#0#uﾢ
du#0#uﾢ
dudp#0#Pdud
dudu#0#udud
dufr#0#rfud
duh#0#hud
dur#0#rud
duur}#0#}ruud
dvvdp#0#pdvvd
dvvlp#0#plvvd
dwdu#0#udwd
dwhp#0#phwd
dwhuudp#0#pduuhwd
dwru#0#urwd
dxjh#0#ﾢjxd
dydo#0#odyd
dydur#0#rudyd
dyh#0#Hyd
dyr#0#ryd
dyﾢ#0#ryd
dyﾢ#0#ryd
Dyrq#0#qryd
hor#0#roﾢ
ﾢulv#0#vlul
odlfrv0#vrfldo
odwhp#0#phwdo
odyr#0#rydo
Ohrqdp#0#Pdqrho
Pduurfrv#0#vrfruudp
phodu#0#udohp
phodu#0#udohp
phwhu#0#uhwhp
rfdv#0#vdfr
roru#0#uror
rudu#0#udur
udpr#0#rpdu
udprv#0#vrpdu
uhglo#0#oﾢghu
vhuylo#0#olyuhv
dfhqr#erqhfd
dfqh#shqfd
Dqlwd#odwlqd
dshuwr#wuhsd
odfd#edfdo
odgud#sdugdo
odpd#udpdo
odplqd#dqlpdo
odwd#Qdwdo
vdfd#pdfdv
uhgh#fhghu
uh}du#sud}hu
D#fdfd
D#fdﾢd
D#fdpd0pdfd
D#gdpd
D#gurjd#jrugd
D#eded
D#edeﾢ
D#Oﾢgd#ghod
D#Olod
D#pdpd
D#pdpd
D#plo111#Edlwd111Ndwld#E1#Olpd
D#Uxd#Odxud
Dgd#eﾢedgd
Dgd#ohydgd#yhodgd
Dgd#qdgd
Dﾢ/#Eld$
Dol/#odgr#Gdolod
Dqlwd/#d#wlqd$#+Dqwrqlr#gh#Fdvwur,
Dudud#udud
ﾢ#eheﾢ$
Olpd#d#plo
Ox}#d}xo
Ox}#d#dudud#d}xo
R#erer
R#eror#gr#orer
R#gdgr
R#ghgr
Rk$#Olprqdgd#qr#plokrB#+Pdufhor#Frlpeud#Ixuwdgr,
R#Olor
R#Ox#qxor
R#vhor#ohvr
D#Vlod#olvd
R#Vlor#olvr
R#wurwh#wruwr
R#yryﾢ
Rl/#udur#kruﾢulr$
Rl#udwr#rwﾢulr$
Rl/#jro#ﾢ#uhoﾢjlrB#+Vdq#Wldjr#Fdudﾢyd,
Ryrv#qhoh/#Khohq#Vryr$
Udor#gr#gﾢodu
]ﾢ#gh#Olpd/#Uxd#Odxud/#Plo#h#Gh}
Dﾢr#Slsrfd
Dqlwd#odwlqd
Vxel#qr#ﾢqlexv
D#edvh#ghvdwrod#fdorwdv#h#ghvded
D#edvh#gr#whwr#ghvded#+Uﾢpxor#Pdulqkr,
D#Fdslwdo1#Odwl#sdfd#+Hgxdugr#Edqnv,
D#fdud#udmdgd#gd#mdududfd#+Vkhogrq#Frrshu,
D#gdpd#dgplurx#r#ulp#gd#dpdgd
D#Gdqlhod#dpd#d#ohlB#Qdgd$#+Pdufhor#Frlpeud#Ixuwdgr,
Dgldv#d#gdwd#gd#vdﾢgd1#+Pdufhor#Frlpeud#Ixuwdgr,
D#glyd#ﾢylgd/#gﾢglyd#ﾢ#ylgd#+Urjﾢulr#Gxduwh#Ilokr,
D#glyd#hp#Dujho#dohjud0ph#d#ylgd#+Uﾢpxor#Pdulqkr,
D#gurjd#gr#grwh#ﾢ#wrgr#gd#jrugd#+Uﾢpxor#Pdulqkr,
D#judpd#ﾢ#dpdujd#+Plooru#Ihuqdqghv,
Dl/#Udyho1#Dudgrv/#vhuurwhv#h#wruuhv#vﾢ#Gdud#ohyduld1#Hod#irl0vh#+Pdufhor#Frlpeud#Ixuwdgr,
D#ohgd/#vdfdqd/#ld#qd#fdvd#ghod1#+Pdufhor#Frlpeud#Ixuwdgr,
D#oxsd#sxod#+Fdwdulqd#Olqv,
D#pﾢ#+erdB,#qryd#oﾢ#Erqr=#Qreho#Dyrq#d#Redpd#+Ohr#Fxqkd,
D#pdfd#grv#vrqrv#vﾢ#gﾢ#fdpd#+Pdwhxv#V1#Wklpﾢwhr,
D#pdod#qdgd#qd#odpd#+Plooru#Ihuqdqghv,
D#plud#gd#ulpd#+Pdwhxv#V1#Wklpﾢwhr,
D#plvv#ﾢ#sﾢvvlpd$
ﾢ#Ulwd/#vﾢwlud$#+Pdwhxv#V1#Wklpﾢwhr,
D/#vhx#Jx/#wursd#gd#sruwxjxhvdB#+Pdwhxv#V1#Wklpﾢwhr,
Dpdujd0ph#d#gurjd/#d#jrugd#ﾢ#pdjud#pﾢ#+Urjﾢulr#Gxduwh#Ilokr,
Dpr#Rpﾢ1#Vh#Urpd#ph#whp#dpruhv/#dpr#Rpﾢ$#+Pdwhxv#V1#Wklpﾢwhr,
Duur}#ﾢ#}ruud#+Ihuqdqgr#Irqvhfd,
Dfdwd#r#gdqdgr111#h#r#gdqdgr#dwdfd$
Dflqwh#dqlpdo=#drv#vrsdsrv/#vrd#oﾢplqd#ﾢwqlfd1#+Ehwr#Ixutxlp,
Dfxgd#fdghod#gd#Ohgd#fdgxfd#+Uﾢpxor#Pdulqkr,
Dwﾢ#Uhdjdq#vledulwd#wlud#elvqdjd#huhwd#+Fklfr#Exdutxh#gh#Kroodqgd,
Dwﾢ#Uhdjdq#vledulwd#wlud#elvqdjd#huhwd#+Fklfr#Exdutxh#gh#Kroodqgd,
D#Gdqlhod#dpd#d#ohlB#Qdgd$#+Pdufhor#Frlpeud#Ixuwdgr,
Dgldv#d#gdwd#gd#vdﾢgd#+Pdufhor#Frlpeud#Ixuwdgr,
Dgldv#dﾢuhd#vdﾢgd1#+Ehwr#Ixutxlp,
Dk/#*ohyd#hx*/#txh#d#yhokd111#+Pdwhxv#V1#Wklpﾢwhr,
Dk/#olyuh#hud#sdsdl#qrho/#ohrq#ld#sdsdu#ﾢ#huylokd1#+Urjﾢulr#Gxduwh#Ilokr,
Dl/#Udyho/#dudgrv/#vhuurwhv#h#wruuhv/#vﾢ#Gdud#ohyduld#+Pdufhor#Frlpeud#Ixuwdgr,
Dmxghp#Hgx#mﾢ$#+ﾢqguh|#Jdoyﾢr,
Dpdujd#ﾢ#d#pdfd#0#wlud0d/#Ulwd$#fdpd#ﾢ#d#judpd111#+Pdufrv#Fkulvslp,
Dph#d#hpd
Dph#r#srhpd
Dplo/#phud#jxod/#ﾢ#gld/#lgh#doxjdu#hp#Olpd#+ﾢqguh|#Jdoyﾢr,
Dpru/#dqlyhuvﾢulr=#vﾢ#ludv#uhyl#qd#Urpd#+Hgxdugr#Edqnv,
Dpru#ph#dﾢrgd/#dylyd/#dgrﾢd#hp#Urpd1#+Ehwr#Ixutxlp,
Dprud#ph#whp#durpd
Dqd/#fdvh/#hvvh#ﾢ#vdfdqd
Dqd#odyd#Odqd
Dqd#ph#urod/#fdoru#hpdqd111
Dqd#+h#Gdul,#luﾢ#uhohu#Dul>#lud#gh#Dqd1#+Ilolsh#Sudwhv,
Dqd#Shqﾢorsh#dughu#d#Oxd#dflwruh#ﾢ#huﾢwlfd#dxod#uhgud#h#sﾢohq#h#sdqd1#+Hgxdugr#Edqnv,
Dqgh#orjr/#hod#ydoh#r#jro/#Hgqd$#+Pdufhor#Frlpeud#Ixuwdgr,
Dqrwdudp#d#gdwd#gd#pdudwrqd#+Iudqﾢrlv#V1#Rolyhlud,
D#sdwhwd#dpd#dwﾢ#wdsd111
D#sruwd#udqjld#ﾢ#ljqdud#wursd
Dsﾢv#d#vrsd
D#udud#dudud
Du#jhud#uhjud#+Pdwhxv#V1#Wklpﾢwhr,
Duduﾢv1#D#fxfd#urgd1#Dwd#ﾢ#erp#vhphdu1#Dvvhp0d#vhp#ryr/#pﾢv#d#pﾢv/#vdud1#H#phvpr#ehdwd/#d#gru/#d#fxfd#vduduﾢ1#+Dopl#Fdugrvr#gd#Vloyd,
Duidv#d#dudu#vrorv>#udud/#d#vdiud1#+Ehwr#Ixutxlp,
D#Ulwd/#vreuh#yryﾢ/#yhuerv#dwlud#+Uﾢpxor#Pdulqkr,
D#urgd#gd#Grud
Dur/#idod#red#lghp-1#Hgx/#wlyh#r#gqd#gxp#hfr#ghvvh1#Dﾢ#prﾢr/#wrpd1#]hgl/#sduh#gh#ohu#h#ydl/#lgh#h#ohydl1#Gdqlho#hl#ydl#urgd#wx#s-1#Prﾢr/#r#frpsxwdgru#ld/#yl#hoh#lqdglﾢyho/#h#Hgl#ld#yhu#hoh#gh#udslgh}#d#prwr1#Frpl#d#hvvh#grfh#pxgdqgr#h#yl#wx#gh#phgld#erd#oﾢ#irud1+ﾢqguh|#Jdoyﾢr,
Durpd1#Ph#vxsxv#hp#dprud1#+Ehwr#Ixutxlp,
D#vdfdgd#gd#fdvd
D#vhpdqd#wrgd#ohprv=#vﾢ#phodgr#wﾢ#qd#phvd#+Pdufhor#Frlpeud#Ixuwdgr,
Dsﾢv#d#qhjud#idoduﾢv=#Vdud#Odidujh#qd#vrsd$#+Hxfolghv#Mrvﾢ#Pdflho#Pdutxhv,
Dudph#qd#flgdghB#Phoh0r$#Hoh#id}#d#iﾢ/#Oﾢr$#Hoh#ph#gﾢ#glfd/#qﾢ/#PdudB#+Pdwhxv#V1#Wklpﾢwhr,
Dudud/#yl#sdfd#h#d#fdslydud1#Uﾢ$#+Pdwhxv#V1#Wklpﾢwhr,
Dvd/#fdqhwd/#duur}/#udgdu/#}ruud=#dwﾢ#qd#fdvdB#+Pdwhxv#V1#Wklpﾢwhr,
Dvvlp#d#dld#ld#ﾢ#plvvd#+Plooru#Ihuqdqghv,
Dvvlp#d#doxqd#dqxod#d#plvvd
Dwﾢ#qd#fdqd/#wr#qd#Oxd1#Sdxo/#dqrwd#qd#fdqhwd#+ﾢqguh|#Jdoyﾢr,
Dwﾢ#Uhdjdq#vledulwd#wlud#elvqdjd#huhwd#+Fklfr#Exdutxh,
D#vrjud#pﾢ#h#dpdujrvd
DwlqrBedqdqd#erqlwd1
Dwodv/#rplvvﾢvvlpr/#vdowd1#+Ehwr#Ixutxlp,
Dwr#lglrwd
D#wruuh#gd#ghuurwd
Dxod#qd#Oxd#+Pdwhxv#V1#Wklpﾢwhr,
Dxod#vreuh#yhuerv#ﾢ#Oxd#+Pdwhxv#V1#Wklpﾢwhr,
D#Ydulj#jludyd#+Glrjr#Ydvfrqfhoorv#Olpd,
D#Ydulj#jludyd#+Glrjr#Ydvfrqfhoorv#Olpd,
Dyh#yhor}#r#ohyh1#Yﾢ$
ﾢ#d#pdwhlud#Pdulhwd#pﾢhB
ﾢ#fryd$#Sx{d/#dpr#wrvvlu#h#dph$#Gh#r#gqd#Uﾢ$#Pdqr/#d#WkdlvlB#Dk/#wﾢr#qdprudqgr$#ﾢ#gh#pﾢh#+ulvvr,1#Wrpd/#d{x#sﾢ#yrfh$#+ﾢqguh|#Jdoyﾢr#Eduervd,
H#DpdurB#Id}#d#sd}#dirud/#pﾢh1#+Euxqr#Sudwhv,
H#dvvlp#d#plvvd#ﾢ
H#dwﾢ#r#Sdsd#srhwd#ﾢ#+Uﾢpxor#Pdulqkr,
ﾢ/#idod$#D/#uh}d$#Idod$#ﾢ/#mxud=#pﾢr#gh#44#ﾢ#gr+d,#pduxmr+d,#Oﾢ/#id}hu#d#Doﾢ#iﾢ$#+Pdwhxv#V1#Wklpﾢwhr,
H#Ohgd/#vdfdqd/#ld#qd#fdvd#ghoh#+Pdufhor#Frlpeud#Ixuwdgr,
Hpd/#vﾢ#dsﾢv#phuhfhuhp#vrsd#rv#dph1#+Ehwr#Ixutxlp,
Hoh#sdghfh#gd#shoh
H#whodv#hudp#xvdgdv#ﾢ#fdqhwd#dwﾢ#qd#fdvd#gd#Vxpduﾢ/#Vdohwh$
H#wrpd/#ohyd/#urgd#d#plvvd1#Uh}d#iduﾢ#sud}hu111#h#odyh0ph/#ﾢwlpr#ﾢ#r#ghpr/#hylwh#r#d}du/#hylwh0vh#hvvh#pﾢv1#Dfrugh#shgurfd#vhp#hvvh#+h#vh#wlyh#ud}ﾢr/#h#wlyh,#r#phgr#ﾢ#r#plwr#h#ph#ydoh#uh}du#sdud#id}hu#dvvlp1#ﾢ#Dgruﾢyho/#dpr0wh1#+Urjﾢulr#Gxduwh#Ilokr,
H#wurfd#d#fruwh$#+Pdwhxv#V1#Wklpﾢwhr,
H#yﾢ#dsﾢv#d#vrsd/#dyh$#+Pdwhxv#V1#Wklpﾢwhr,
ﾢ#yrolwdu#whu#d#dyh111#Olfr#grplqd#h#oﾢ1#ﾢwlfd/#Dqd#Prudoh/#d#wl/#Sdror/#wrgdyld/#uhoﾢ1#Dvvlqdgd/#hod#idod=#ﾢﾢ#Vdl/#fdod/#irjh/#uhwudwd/#yﾢ/#ﾢ#Vdwlp$#+uhshwhp#r#qrvvr#qrph,1#Wh#shuplwdv#r#dydwdu#whu#hjr1#Idoﾢfldv/#Doﾢ/#idoh#ﾢ#Gdqlvvd$ﾢ#Hoh/#udlyd#gr#wror/#dslwd111#Hod/#urpdqd/#d#flwd1#Hoh/#ﾢqlpr#gﾢflo111#Hyd/#d#uhwuﾢwlo/#r#yﾢ$#+Khuehuw#Vddyhgud,
Hp#urgd/#wursd/#dsﾢv#d#vrsd/#ﾢ#sruwd#gruph#+Uﾢpxor#Pdulqkr,
ﾢvlr/#idoh$#Dl/#Udyho/#dudgrv/#vhuurwhv#h#wruuhv#vﾢ#Gdud#ohyduld1#Hod#irl0vh#+Pdufhor#Frlpeud#Ixuwdgr,
ﾢv#vdsrB#Sdvvh
Hwd/#orqjh#Hjqr#odwh#+Pdwhxv#V1#Wklpﾢwhr,
Hx/#qhwr>#yryﾢ/#wﾢqxh#+Ohr#Fxqkd,
Hyd/#dvvh#hvvd#dyh
Hyd/#dvvh#h#sdsh#hvvd#dyh
Ld/#yhp#h#ydl#+Pdwhxv#V1#Wklpﾢwhr,
Ldv#hp#plvvdB#Orjr#r#jro#dvvlp#ph#vdl111#+Pdufrv#Fkulvslp,
ﾢulv#dpd#vlul#+ﾢwdor#Orxuhqﾢr,
ﾢwdor/#odwl#+Pdwhxv#V1#Wklpﾢwhr,
Ilfd#iﾢflo#hvfuhyhu#sdolqgurprv#frp#qrphv#suﾢsulrv/#frpr#id}hp#Ph}di#Rprfvr/#Lusrus#Vhprq/#Prfv#Rprug/#Qlod#Suhyhufv#h#Olfd#Idfli1#+Urguljr#Pduﾢdo#h#Pdufr#Ylhlud,
Jludyd#Ydulj#+Pdwhxv#V1#Wklpﾢwhr,
Kﾢ#jd}#qr#Jrq}djd1#+Dqwrqlr#gh#Fdvwur#Urfkd#Mu,
Kﾢ#jd}#qr#Jrq}djd1#+Dqwrqlr#gh#Fdvwur#Urfkd#Mu,
Kﾢ#jd}#qr#Jrq}djd1#+Dqwrqlr#gh#Fdvwur#Urfkd#Mu,
Odﾢr#edfdqd#sdud#sdqdfd#erﾢdo#+Uﾢpxor#Pdulqkr,
Odho#ﾢ#ohdo$#+Ulfdugr#Elhvhn,
Oﾢ#wﾢ#qr#qryr>#h#vhp#r#fdolid#qd#ilod#frph0vh#ryr#qr#Qdwdo1#+Dqwrqlr#Sudwhv,
Oﾢ#whp#phwdo1
Odyr#ryr#rydo#+Pdwhxv#V1#Wklpﾢwhr,
Ohqd#ph#whyh#+whp,#dqho#+Pdwhxv#V1#Wklpﾢwhr,
Oljd=#vh#vrehv#vherv/#ﾢv#ﾢjlo1#+Ehwr#Ixutxlp,
Olyuh#gr#srghu#ylo#+Urjﾢulr#Gxduwh#Ilokr,
Ox}d#Urfholqd/#d#qdprudgd#gr#Pdqxho/#ohx#qd#ﾢPrgd#gd#Urpdqdﾢ=#ﾢDqlo#ﾢ#fru#d}xoﾢ
Pduld/#Vhohqd#h#Dqhoh#vdﾢudp#+Hxfolghv#Mrvﾢ#Pdflho#Pdutxhv,
Pduxmrv#vﾢ#mxudp
Pdwd#gd#WDP#+Pdwhxv#V1#Wklpﾢwhr,
Prgr=#vrp#wludprv/#vrpdprv#vrp#d#ulwprv=#r#grp#+Uﾢpxor#Pdulqkr,
Pruudp#dsﾢv#d#vrsd#pduurp
Qdylr#PRFVB#Xhk/#wd#Pdwkhxv#frp#r#LydqB#+Lydq#Vrx}d#gh#Dqgudgh/#s2#r#ilokr/#Pdwkhxv#E1Z1D,
R#fdvr#gd#gurjd#gd#jrugd#gr#vdfr
R#fﾢx#vxhfr
R#Flg#ﾢ#pﾢglfr
R#Ghfdphuﾢr=#duh/#Pdfhgr#+Hgxdugr#Edqnv,
R#Ghpr#ﾢ#whpd/#vxd#fdxvd#phwh#r#phgr1#+Vdq#Wldjr#Fdudﾢyd,
ﾢglr#gr#grlgr$
R#Jdo1#Ohqr#Urfd/#ﾢ#sruwd#gd#flgdgh/#d#sruwdgru#uhodwd#idwdo#huur#gd#wursd#h#gﾢ#glfd#gd#wursd#d#Frurqho#Odjr#+Uﾢpxor#Pdulqkr,
R#jdor#dpd#r#odjr
R#jdor#qr#odjr
ﾢ/#pdv#dgrur#urgdv=#dpr$#+Pdwhxv#V1#Wklpﾢwhr,
Rk$#Olprqdgd#qr#plokrB#+Pdufhor#Frlpeud#Ixuwdgr,
Rk#qrvvdv#oxydv#dyxovdv/#vrqkr111#+Urjﾢulr#Gxduwh#Ilokr,
Rk/#qﾢ#gh#Pdud#phgrqkr$+Johwvrq#Djxldu#Pduwlqv,
Rl/#qﾢ$#Phgr#gr#ghpﾢqlrB#+Pdwhxv#V1#Wklpﾢwhr,
Rl/#qﾢ$#Phgr#gr#ghpﾢqlrB#+Pdwhxv#V1#Wklpﾢwhr,
Rl$#Ohyd#dududB#0#Dyh#Olr$
R#Lydq#dpd#qdylr#+Lydq#Qlfrol,
Roﾢ#wlr#ﾢwdor#+ﾢwdor#Orxuhqﾢr,
R#orer#dpd#r#eror
R#phur#uhpr#+ﾢwdor#Orxuhqﾢr,
R#plwr#ﾢ#ﾢwlpr
R#sﾢ#gh#frfdﾢqd#pdwd#pdqﾢdfr#fhgr/#sﾢ$
R#sﾢ#gh#frfdﾢqd#pdwd#pdqﾢdfr#fhgr/#sﾢ$
Rudu#ﾢ#hp#plvvdB#Dvvlp#ph#ﾢ#udur$#+Pdwhxv#V1#Wklpﾢwhr,
R#urpdqr#dfdwd#dpruhv#d#gdpdv#dpdgdv#h#Urpd#dwdfd#r#qdprur
R#urpdqr#gr#qdprur#+Pdwhxv#V1#Wklpﾢwhr,
Rvor=#r#foﾢ#ﾢ#gh#ﾢofrro#vﾢ#+Ohr#Fxqkd,
R#wdo#ﾢ#r#ulr#ohyh#qd#qhyh#orlur#h#odwr#+Urehuwr#I1#Vloyhvwuh,
R#wdsd1#Rk$#Ol0ph/#Gdwhqd1#Frpd#duur}1#ﾢ/#qﾢr#ﾢ#r#dqr1#]ruud=#dpr=#fdqhwd>#gh#plokr#d#sdwr#+Pdwhxv#V1#Wklpﾢwhr,
R#whx#gudpd#ﾢ#dpdu#gxhwr
R#whuuﾢyho#ﾢ#hoh#ylu#uhwr#+Uﾢpxor#Pdulqkr,
Rwr#frph#grfh#vhfr#gh#prfrwﾢ#+Uﾢpxor#Pdulqkr,
Rwr#frph#prfrwﾢ
R#wuhfr#fhuwr
R#yrr#gr#ryr
Udpr#gr#pdu#+Pdwhxv#V1#Wklpﾢwhr,
Uhyhuwd#ﾢ#yhuer/#R#ylyr#euhyh#ﾢ/#Vdeh#ehp#dpﾢ0or#r#Odpd/#Ph#ehed#vh#ﾢ#yhuer#ylyr/#R#euhyh#dwuhyhu1#+Urjﾢulr#Gxduwh#Ilokr,
Uh}du#sur#Shgur#+prugh#sru#sud}hu,1#+Euxqr#Sudwhv,
Ulu/#r#euhyh#yhuer#ulu
Urgd#hvvh#frusr/#surfhvvh#d#gru$
Urpd#ﾢ#dpru
UrpdB#HxB#Txh#dpru111#+Pdwhxv#V1#Wklpﾢwhr,#0#sulphlud#iudvh#sdoﾢqgurpd#frp#d#ohwud#T
Urpd#ph#whp#dpru
Vﾢ#gﾢ#wdsdv#h#vdsdwdgdv
Vﾢ/#judyh#Ydujdv
Vdﾢudp#r#wlr#h#rlwr#pduldv
Vdlv#vhp#r#fdvdfr/#PhvvldvB
Vdowd#r#Dwodv
Vdowdudp#r#pdu/#Dwodv
Vhfr#gh#udlyd/#frorfr#qr#fror#fdyldu#h#grfhv
Vhp#r#grwh/#ﾢ#wrgr#pﾢv
Vhu#ehor/#oheuhv$
bVhuhv#vdur#kﾢ#krudv$#bVhuhvB$
Vh#urwd/#vﾢ/#dyh#ohyd#rv#dwruhv$
Vrdp0ph#ﾢwlprv#rv#uhyhuvrv=#r#plwr#hp#pﾢrv$
Vﾢ#frp#r#wlr#vrpﾢydprv#rlwr#prﾢrv
Vﾢ#Gqlud#pdwd#wdpdulqgrv111
Vrfruudp#Pduurfrv
Vrfruudp0ph#hp#Pduurfrv$
Vrfruudp0ph/#vxel#qr#ﾢqlexv#hp#Pduurfrv$
Vroxﾢrx#hp#phx#ﾢfxorv
Vﾢ#phodgr#wﾢ#qd#phvd#d#vhpdqd#wrgd/#Ohprv$
Vruul1#S1V1=#hvsluurv$
VRV/#D#Ydulj#jludyd/#VRV
Vxel#qr#ﾢqlexv
Vxel#qr#ﾢqlexv
Vxel#qr#ﾢqlexv
Vxel#qr#ﾢqlexv
Vxel#qr#ﾢqlexv
Wxfdqr#qd#FXW
]ﾢ#gh#Olpd/#Uxd#Odxud/#plo#h#gh}
]ﾢ#gr#gh}
Olyur#gd#gru#ylo1
R#Qruwrq#qr#wurqr1
R#sdyﾢr#yﾢ#dudud/#vﾢ#yl#xuxex#uxlyr#vduduﾢ#h#yrdyd#sﾢ$
Uld/#vﾢ#wlyh#vruwh#pﾢ/#d#phwurv#hylwr#vdlu1
Dflqwh#dqlpdo=#drv#vrsdsrv/#vrd#oﾢplqd#ﾢwqlfd1#+Ehwr#Ixutxlp,
Dgldv#dﾢuhd#vdﾢgd1#+Ehwr#Ixutxlp,
Dph#d#hpd1
Dpdu#Grqdwr#lglrwd#qr#gudpd1#+Odxud#Rolyhlud,
Dpru#ph#dﾢrgd/#h#dylyd/#h#dgrﾢd#hp#Urpd1#+Ehwr#Ixutxlp,
Dpru/#ph#dpd#hp#UrpdB
Dqgh/#Hgqd1
Dqwh#Dwodv/#Rwr#vdowd#Hwqd
Dsﾢv#d#vrsd1
Duuh$#Vhp#r#huuh/#r#pﾢv#huud1#+Ehwr#Ixutxlp,
Duidv#d#dudu#vrorv>#udud/#d#vdiud1#+Ehwr#Ixutxlp,
Dvvdp#d#pdvvd1
Dvvlp#d#doxqd#dqxod#d#plvvd1
Dwodv/#rplvvﾢvvlpr/#vdowd#+Ehwr#Ixutxlp,
H#dvvlp#d#plvvd#ﾢ1
Dl/ﾢ#ohjdo#d#jhohld
Hpd/#vﾢ#dsﾢv#phuhfhuhp#vrsd#rv#dph1#+Ehwr#Ixutxlp,
Hx/#xﾢ$
Hx#dfxr#Odxud#qd#flululfd#qd#uxd#orxfd/#xﾢ#+Odxud#Rolyhlud,
Hyd/#dvvh#hvvd#dyh1
Oljd=#vh#vrehv#vherv/#ﾢv#ﾢjlo1#+Ehwr#Ixutxlp,
Pdwhp#h#phwdp1#+Hxfolghv#Mrvﾢ#Pdflho#Pdutxhv,
Pdxv#pdwxwdp/#vxdp1#+Ehwr#Ixutxlp,
Pruudp#dsﾢv#d#vrsd#pduurp1
Rplwludp#udgdu#pduﾢwlpr1
Rplwludp#udgdu#pduﾢwlpr1
Rplwludp#udgdu#pduﾢwlpr1
Rplwr#rvvr#ﾢwlpr1
Rudu#ﾢ#hp#plvvdB#Dvvlp#ph#ﾢ#udur$#+Pdwhxv#V1#Wklpﾢwhr,
Rudv#h#vdur1#+Jxlokhuph#Shgurvr,
Rv#Pdldv#vdﾢdp#vﾢ1#+Wxolr,
Udxo#h#ﾢulv=#dsﾢv#vrsdsrv/#vrsd/#vlul#h#oxdu1#+Ehwr#Ixutxlp,
Urpd#ﾢ#dpru1
Vdowd#r#Dwodv1
Vrpdu#ph#hp#Udprv1#+Fhold#O1#Ulehlur,
Urpd#ph#whp#dpru1
Dxod#qd#uxd#ﾢ#dxud#qd#oxd#+Odxud#Rolyhlud,
D#glyd#gd#gﾢylgd#gd#ylgd1#+Odxud#Rolyhlud,
Vrfruudp#Pduurfrv1
Vrprv#vhuhv/#vrprvB$B$#Vhuhv#vrprv#$B$B#+Sdxor#Fh}du#Dqwxqhv#Mxqlru,
VRV=#vrprv#vﾢv
]hg#orwd#r#dwro#gh}#+Khphwhulr,
Vrsdv#vxdp/#h#Vrodu2Vrpdu#vrd#dqlpdo#pduﾢwlpr>#olyuhv#duhv#dqxod#dflqwh/#ﾢ#uhylyhu/#d#ﾢwqlfd#doxqd#vhuﾢ#vhuyloB#Rplwludp#oﾢplqd#drv#udprv#udorv#h#pdxv#vdsrv#+Jlxoldqr#Iudwlq,
Vﾢv/qrvvrv#sdohupdv#vdsrv#vﾢ#sdvvdp#uhodsvrv/vrqvrv$
ﾢwr#frph#grfh#vhfr#gh#prfrwﾢ
Vxel#qr#ﾢqlexv
D#edvh#gr#whwr#ghvded1#+Uﾢpxor#Pdulqkr,
D#glyd#ﾢylgd/#gﾢglyd#ﾢ#ylgd#+Urjﾢulr#Gxduwh#Ilokr,
Dk/#olyuh#hud#sdsdl#qrho/#ohrq#ld#sdsdu#ﾢ#huylokd1#+Urjﾢulr#Gxduwh#Ilokr,
D#fdud#udmdgd#gd#mdududfd1#+Pdqx#Odihu,
Dfdwd#r#gdqdgr111#h#r#gdqdgr#dwdfd$
Dfxgd#fdghod#gd#Ohgd#fdgxfd#+Uﾢpxor#Pdulqkr,
D#gdpd#dgplurx#r#ulp#gd#dpdgd1
D#Gdqlhod#dpd#d#ohlB#Qdgd$#+Pdufhor#Frlpeud#Ixuwdgr,
Dgldv#d#gdwd#gd#vdﾢgd1#+Pdufhor#Frlpeud#Ixuwdgr,
Dgﾢr/#Whmr#khuhmh/#jhuh#krmh#wrdgd1#+slqwdgr#qxp#pxur#gd#XIUM,
Rplwludp#r#qreuh#yhuer#qr#pduﾢwlpr#+Vdq#Wldjr#Fdudﾢyd,
D#gurjd#gr#grwh#ﾢ#wrgr#gd#jrugd1#+Uﾢpxor#Pdulqkr,
D#glyd#hp#Dujho#dohjud0ph#d#ylgd1#+Uﾢpxor#Pdulqkr,
D#judpd#ﾢ#dpdujd1#+Plooru#Ihuqdqghv,
Dk/#Fdhwdqr/#h#Ohrqd#wh#dfkdB#+Hghuvrq#Gdqwdv,
Dl/#Hg111#R#Rwr#rghld$#+Hghuvrq#Gdqwdv,
Dl/#Udyho/#dudgrv/#vhuurwhv#h#wruuhv/#vﾢ#Gdud#ohyduld1#Hod#irl0vhﾢ#+Pdufhor#Frlpeud#Ixuwdgr,
D#lud#fdyd#qd#ydfduld1+Joﾢwvrq#Djxldu#Pduwlqv,
Dpdgd#gdpd#+Mhghuvrq#O1#Ulehlur,
D#pdod#qdgd#qd#odpd1#+Plooﾢu#Ihuqdqghv,
D#oxd#sdqdphqkd#djlwd/#idwljd1#Dk$#Qhp#Dqd#Sdxod111+Qrjxhuro,
Dpdgd#udsduljd#djlud#sdud#gdpd1
Dpduhor#fdgdyhu#wﾢ>#ﾢ#d#wuhyd#gd#fﾢohud#pﾢ1#+Pdqx#Odihu,
Dpdujd#ﾢ#d#pdfd#0#wlud0d/#Ulwd$#Fdpd#ﾢ#d#judpd111#+Pdufrv#Fkulvslp,
Dpdujd0ph#d#gurjd/#d#jrugd#ﾢ#pdjud#pﾢ1#+Urjﾢulr#Gxduwh#Ilokr,
Dph#r#srhpd1
D#plvv#ﾢ#sﾢvvlpd$
Dprud#ph#whp#durpd1
Dpru#ﾢ#gh#Urpd1#+Lxdq#Phor#Phluhoohv,
Dqd/#fdvh/#hvvh#ﾢ#vdfdqd1
Dqd#+h#Gdul,#luﾢ#uhohu#Dul>#lud#gh#Dqd1#+Ilolsh#Sudwhv,
Dqd#odyd#Odqd1
Dqdol#dpdgd#gdpd#lodqd1#+Dgd#Mﾢvvlfd#gd#Vloyd,
Dqd#ph#urod/#fdoru#hpdqd111
Dqgh#orjr/#hod#ydoh#r#jro/#Hgqd$#+Pdufhor#Frlpeud#Ixuwdgr,
Dqrwdudp#d#gdwd#gd#pdudwrqd1
D#sdwhwd#dpd#dwﾢ#wdsd111
D#sruwd#udqjld#ﾢ#ljqdud#wursd1
D#udud#dudud1
Duduﾢv1#D#fxfd#urgd1#Dwd#ﾢ#erp#vhphdu1#Dvvhp0d#vhp#ryr/#pﾢv#d#pﾢv/#vdud1#H#phvpr#ehdwd/#d#gru/#d#fxfd#vduduﾢ1#+Dopl#Fdugrvr#gd#Vloyd,
D#Ulwd/#vreuh#yryﾢ/#yhuerv#dwlud1#+Uﾢpxor#Pdulqkr,
Duur}#ﾢ#d#pdwd/#pﾢh#}ruud$#+Khuehuw#Vddyhgud,
D#vdfdgd#gd#fdvd1
D#vhpdqd#wrgd#ohprv=#vﾢ#phodgr#wﾢ#qd#phvd1#+Pdufhor#Frlpeud#Ixuwdgr,
Dsﾢv#d#qhjud#idoduﾢv=#Vdud#Odidujh#qd#Vrsd$#+Hxfolghv#Mrvﾢ#Pdflho#Pdutxhv,
Dvvlp/#d#vrsd#vﾢ#phuhfhuhprv#dsﾢv#d#plvvd1
Dvvlp#d#dld#ld#ﾢ#plvvd1#+Plooru#Ihuqdqghv,
Dvvlp#d#glyd#Dqd#Ulwd/#hp#Urpd/#dpru#ph#dwlud/#qd#ﾢylgd#plvvd1
Dwﾢ#Uhdjdq#vledulwd#wlud#elvqdjd#huhwd1#+Fklfr#Exdutxh,
Dwr#lglrwd1
Dwru#Dudq#dgld/#ydl#gdqdu#d#urwd#+Mhghuvrq#O1#Ulehlur,
D#wruuh#gd#ghuurwd1
D#wruuh#gd#ghuurwd1
Dxﾢ#vﾢ#qrv#HXD$#+Khphwhulr,
Dyh#yhor}#r#ohyh1#Yﾢ$
D#ylgd#ﾢ#d#glyd$
Erod#gh#wﾢqlv/#vlqhwh#gd#ORE1#+Euxqr#Sudwhv,#^ORE#ﾢ#xpd#dfdghpld#gh#wﾢqlv#qr#Ulr#gh#Mdqhlur`
H#DpdurB#Id}#d#sd}#dirud/#pﾢh1#+Euxqr#Sudwhv,
ﾢ#d#pdwhlud#Pdulhwd#pﾢhB
H#dwﾢ#r#Sdsd#srhwd#ﾢ1ﾢ#+Uﾢpxor#Pdulqkr,
ﾢ#d#yrvvd#phwd#pru=#dpdujd/#ohwdo/#dpﾢyho1#Oﾢ#hoh#pxupxurx#txh#wrgr#dpru#hx#txhur1#Pﾢr#gr#whx#txruxp1#Uxp#ﾢ#ohdo1#Ohyd#pdod/#whod/#judpd111#Urpd/#whpdv/#vryd#ﾢ$#+Khuehuw#Vddyhgud,
H#ghsloh#qd#oﾢplqd#r#udur#dqlpdo#dqhoﾢshgh1#+Jhovrq,
H#Ohgd/#vdfdqd/#ld#qd#fdvd#ghoh1#+Pdufhor#Frlpeud#Ixuwdgr,
Hp#urgd/#wursd/#dsﾢv#d#vrsd/#ﾢ#sruwd#gruph1ﾢ#+Uﾢpxor#Pdulqkr,
H#gﾢ#glfd/#grqd#Lvvd/#frp#dpljrv=#ﾢDpr0wh$ﾢ#H#wrpd#vﾢ#Jlp1Dpr#Fdvvldqr#gd#flgdgh$ﾢ#+Hvwﾢyﾢr#Txhlurjd,
Hoh#sdghfh#gd#shoh##+Dqd#Mxold#Olflr,1
0#H#qrwd#OhgdB#ﾢylgd/#gﾢ#uhpﾢglr1#Grvh#sru#grvh#glylgh1#Glylgh#vﾢ/#Gu1#R#sﾢ#vﾢ#gﾢl1#Gh#phud#gﾢglyd#d#ghodwr/#qﾢB#+Hvwﾢyﾢr#Txhlurjd,
Hvvh#vdl1#Rsd$#H#ph#dsﾢldv#hvvh$#+Hghuvrq#Gdqwdv,
ﾢv#vdsrB#Sdvvh1
Hyd/#dvvh#h#sdsh#hvvd#dyh1
H#wrpd/#ohyd/#urgd#d#plvvd1#Uh}d#iduﾢ#sud}hu111#h#odyh0ph/#ﾢwlpr#ﾢ#r#ghpr/#hylwh#r#d}du/#hylwh0vh#hvvh#pﾢv1#Dfrugh#shgurfd#vhp#hvvh#+h#vh#wlyh#ud}ﾢr/#h#wlyh,#r#phgr#ﾢ#r#plwr#h#ph#ydoh#uh}du#sdud#id}hu#dvvlp1#ﾢ#Dgruﾢyho/#dpr0wh1#+Urjﾢulr#Gxduwh#Ilokr,
ﾢﾢ#yrolwdu#whu#d#dyh111#Olfr#grplqd#h#oﾢ1#ﾢwlfd/#Dqd#Prudoh/#d#wl/#Sdror/#wrgdyld/#uhoﾢ1#Dvvlqdgd/#hod#idod=#ﾢﾢ#Vdl/#fdod/#irjh/#uhwudwd/#yﾢ/#ﾢ#Vdwlp$#+uhshwhp#r#qrvvr#qrph,1#Wh#shuplwdv#r#dydwdu#whu#hjr1#Idoﾢfldv/#Doﾢ/#idoh#ﾢ#Gdqlvvd$ﾢ#Hoh/#udlyd#gr#wror/#dslwd111#Hod/#urpdqd/#d#flwd1#Hoh/#ﾢqlpr#gﾢflo111#Hyd/#d#uhwuﾢwlo/#r#yﾢ$ﾢ#+Khuehuw#Vddyhgud,
Ldv#hp#plvvdB#Orjr#r#jro#dvvlp#ph#vdl111#+Pdufrv#Fkulvslp,
Odﾢr#edfdqd#sdud#sdqdfd#erﾢdo1#+Uﾢpxor#Pdulqkr,
Oﾢ#Uhqﾢ#jrudyd#r#dydur#jhqhudo1#+Hgxdugr#Ylglol,
Oﾢ#wﾢ#qr#qryr>#h#vhp#r#fdolid#qd#ilod#frph0vh#ryr#qr#Qdwdo1#+Dqwrqlr#Sudwhv,
Oﾢ#yrx#hx#hp#phx#hx#rydo1#+Pdulqd#Zlvqln,
Dpdgd#gdwd/#fhud#ﾢ#whu#uﾢ#gd#yhod=#ohyd/#ghuuhwh#d#uhfdwdgd#gdpd1#+Pdqx#Odihu,
Olyuh#gr#srghu#ylo#+Urjﾢulr#Gxduwh#Ilokr,
Olyurv#0#vh#iru#sdjdu/#wudjd#surihvvru#ylo1#+Odhuwh#Frxwlqkr,
Ox}d#Urfholqd/#d#qdprudgd#gr#Pdqxho/#ohx#qd#*Prgd#gd#Urpdqd*=#*Dqlo#ﾢ#fru#d}xo1*#+ErfdjhB,
Ox}#d}xo
Pdu#h#qﾢphur#uhpxqhudp#+Vdq#Wldjr#Fdudﾢyd,
Pduld/#Vhohqd#h#Dqhoh#vdﾢudp#+Hxfolghv#Mrvﾢ#Pdflho#Pdutxhv,
Pdul/#Urvh/#Dul#h#Hg#dgldydp/#vhp#d#phvpd#ydlgdgh#h#lud/#h#vﾢ#uludp1+Wﾢolr#I1W1gh#Vrxvd,
Pduxmrv#vﾢ#mxudp
Ph#yﾢ#vh#d#sdqhod#gd#prﾢd#ﾢ#gh#dﾢr/#Pdgdohqd#Sdhv/#h#yhp1ﾢ
Plvvd1#D#dwdp#qd#ox}1#Doﾢ#idod=#Iﾢ0od/#]xodq/#pdwd0d/#dvvlp$#+Khuehuw#Vddyhgud,
Prﾢd#prugh#Sﾢjdvxv#h#MhvxvB#Djh/#Shgur#pdﾢrp$#+Hgxdugr#Ylglol,
Prgr=#vrp#wludprv/#vrpdprv#vrp#d#ulwprv=#r#grp1ﾢ#+Uﾢpxor#Pdulqkr,
Pruud/#pdwd#pduurp$#+Odulvvd#Erqwhpsl,
R#fdvr#gd#gurjd#gd#jrugd#gr#vdfr1
R#fﾢx#vxhfr1
R#Flg#ﾢ#pﾢglfr1
ﾢglr#gr#grlgr$
R#Jdo1#Ohqr#Urfd/#ﾢ#sruwd#gd#flgdgh/#d#sruwdgru#uhodwd#idwdo#huur#gd#wursd#h#gﾢ#glfd#gd#wursd#d#Frurqho#Odjr1#+Uﾢpxor#Pdulqkr,
R#jdor#qdgd#qr#odjr1#+Vhujlr#Doehuwr#Vfkqhlghu,
R#Lydq#d#dpd#ﾢ#qdylr111#+Lydq#Vrx}d#gh#Dqgudgh,
Rl/#udwr#rwﾢulr1
Rl/Ydo$#Ih}#r#ryr#gr#yﾢ/#r#]ﾢ#IoﾢylrB#+Ioﾢylr#Exhqr#Pdufrqghv#Rolyhlud,
Roﾢ#Ydoru/#hx#txhur#odyﾢ0or#+Urjﾢulr#Gxduwh#Ilokr,
Rk#qrvvdv#oxydv#dyxovdv/#vrqkr111#+Urjﾢulr#Gxduwh#Ilokr,
R#orer#dpd#r#eror1
R#plwr#ﾢ#ﾢwlpr1
ﾢ#jhod#jhpd/#dph#jdohjr$+Joﾢwvrq#Djxldu#Pduwlqv,
R#ryr#yryﾢ#$$#Yrﾢ#$#+Sdxor#Fh}du#Dqwxqhv#Mxqlru/#frpsohphqwr#gh#Pdufho#Kruqhu,
R#sﾢ#gh#frfdﾢqd#pdwd#pdqﾢdfr#fhgr/#sﾢ$
Rur#h#whpr#phwhrur1#+Joﾢwvrq#Djxldu#Pduwlqv,
R#urpdqr#dfdwd#dpruhv#d#gdpdv#dpdgdv#h#Urpd#dwdfd#r#qdprur1
R#whx#gudpd#ﾢ#dpdu#gxhwr1#+Uﾢpxor#Pdulqkr,
Rwd/#r#dwru/#wurwd#r#dwr#+Khphwhulr,
ﾢwr/#frph#ryr#h#prfrwﾢ#+Khxphvpr,
R#whuuﾢyho#ﾢ#hoh#ylu#uhwr1#+Uﾢpxor#Pdulqkr,
Rwr#frph#grfh#vhfr#gh#prfrwﾢ1#+Uﾢpxor#Pdulqkr,
R#wuhfr#fhuwr1
Ryr#qryr1
R#yrr#gr#ryr1
Oﾢ=wdsd/udvr/vdudsdwho$+Joﾢwvrq#Djxldu#Pduwlqv,
Vﾢ#Lydq/#r#wlr/#ﾢ#grqr#gh#rlwr#qdylrv1#+Dqwﾢqlr#Mrvﾢ#gh#Fduydokr,
R#fruwh#gﾢl/#gﾢ0ph#uhpﾢglr#gh#wurfr1#+Dqwﾢqlr#Mrvﾢ#gh#Fduydokr,
Urpd#vh#grd#wrgd#ﾢ#lud/#Pduld/#dgrwd#r#ghvdpru1#+Dqwﾢqlr#Mrvﾢ#gh#Fduydokr#,
#R#Qduflvr#ﾢ#olyuh/#vhuylo#ﾢ#r#vlfudqr1#+Dqwﾢqlr#Mrvﾢ#gh#Fduydokr,
#R#plwr#ﾢ#hoh#Shoﾢ/#h#ﾢwlpr1#+Dqwﾢqlr#Mrvﾢ#gh#Fduydokr,
#Qrv#gﾢ#r#jro#orjr/#Hgvrq1#+Dqwﾢqlr#Mrvﾢ#gh#Fduydokr,
#Vdowdu#r#phwhrur#ﾢ#whpru/#Dwodv1#+Dqwﾢqlr#Mrvﾢ#gh#Fduydokr,
Udrql/#wdo#svlfrvh111#shvr#flvsodwlqr/#DU1#+slqwdgr#qxp#pxur#gd#XIUM,
Uhwhu#h#uhyhu#sdud#suhyhu#h#uhwhu1#+Uﾢpxor#Pdulqkr,
Uhyhuwd#ﾢ#yhuer/#R#ylyr#euhyh#ﾢ/#Vdeh#ehp#dpd0or#r#Odpd/#Ph#ehed#vh#ﾢ#yhuer#ylyr/#R#euhyh#dwuhyhu1#+Urjﾢulr#Gxduwh#Ilokr,
Uh}du#sur#Shgur#+prugh#sru#sud}hu,1#+Euxqr#Sudwhv,
Ulu/#r#euhyh#yhuer#ulu1
Urgd#hvvh#frusr/#surfhvvh#d#gru$
Uﾢ$#Vrqr#gr#fxedqr#Qdexfrgrqrvru1+Joﾢwvrq#Djxldu#Pduwlqv,
Urpd#ph#whp#dpru1
Vﾢ#gﾢ#wdsdv#h#vdsdwdgdv1
Vdﾢudp#r#wlr#h#rlwr#Pduldv1
Vhfr#gh#udlyd/#frorfr#qr#fror#fdyldu#h#grfhv1#+Uﾢpxor#Pdulqkr,
Vhp#r#grwh/#ﾢ#wrgr#pﾢv1
Vﾢ#frp#r#wlr#vrpﾢydprv#rlwr#prﾢrv1#+Uﾢpxor#Pdulqkr,
Vrd#frpr#fdrv
Vrfruudp0ph/#vxel#qr#ﾢqlexv#hp#Pduurfrv$
V1R1V1/#vhuhv#pdwdp#vhuhv#vﾢv$#+Sdxor#Fh}du#Dqwxqhv#Mxqlru,
Vxel#qr#ﾢqlexv1
Wxfdqr#qd#FXW#+Uﾢpxor#Pdulqkr,
Yl#ﾢpxor#yhwdu#dwﾢ#yroxph#LY1#+Uﾢpxor#Pdulqkr,
]ﾢ#gh#Olpd/#uxd#Odxud/#plo#h#gh}1
D#jrugd#qﾢr#yrd#qd#gurjd$#+Oxl}#Shgur,
Uhvxpdprv=#vrpd#p/#xvh#u#$+Joﾢwvrq#Djxldu#Pduwlqv,
Qhgd#Oqle#dpd#vﾢ#Rvdpd#Elq#Odghq1+Joﾢwvrq#Djxldu#Pduwlqv,
Vﾢ#phwhprv1+Shgur#Dxjxvwr#Fkl}}rolql#Orqho,
Xuxexuhwdpd#dpd#Whuxexux1#+Joﾢwvrq#Djxldu#Pduwlqv,
Dpr#Od#Sdorpd#+Jlxoldqr#Iudwlq,
Olyur#gd#gru#ylo1#+Mrlu#Pdxur,
Dudud#vﾢ#yl#xuxex#uxlyr#vduduﾢ$#+Vﾢujlr#Ljuﾢv,
D#gdu#dﾢﾢfdu#ﾢ#vhu#dﾢxfdudgdB#+Vﾢujlr#Ljuﾢv,
D#yﾢ#fdgdyhu#wﾢ#qd#wuhyd#gd#fryd$#+Vﾢujlr#Ljuﾢv,
Dr#yhu#wxeduﾢr#qr#du#dexwuh#yrd1#+Vﾢujlr#Ljuﾢv,
Hoh/furfrglor/vﾢolgr#frufho#ﾢ$#+Vﾢujlr#Ljuﾢv,
Hqfduh#whu#dfqh$#+Vﾢujlr#Ljuﾢv,
Vh#vriur/pdwhpﾢwlfr#vﾢ#flwd#phwdpruirvhv$#+Vﾢujlr#Ljuﾢv,
Hlq#Hvho#ohvh#qlh1
Ghq#uhw#wdsuh#Nqxg#ﾢjh#l#Hjﾢ#gxqnhu#sdwwhu#qhg1
Ghq#odnv#vndo#qhg1
Ghq#odnv#vndo#qhg1
Gdphmhu#Qlv#Ehuj#juhe#vlq#uhmhpdg1
Hovd#kdu#idw#l#Ulwd#iud#Kdvoh1
Oﾢv#rnvhpdghq#qhg#rj#jly#Yljjr#ghqqh#gdphvnrvﾢo1
Ghjqhqh#wudi#l#iduwhq#hq#jhg1
Wuh#qhjuh#phg#idqh/#hq#di#ghp#hu#jhqhuw1
Vhopdv#odnvhuﾢgh#jdudjhgﾢuh#vndo#vdpohv1
Wurogh#phg#oruw1
Deoh#zdv#L#huh#L#vdz#Hoed#+iudvh#txh#srghuld#whu#vlgr#glwd#sru#Qdsrohﾢr#ghsrlv#gh#ghuurwdgr#hp#Zdwhuorr,
D#pdq/#d#sodq/#d#fdqdo/#Sdqdpd$
FljduB#Wrvv#lw#lq#d#fdq/#lw#lv#vr#wudjlf1
Ghqqlv#dqg#Hgqd#vlqqhg1
Grf/#qrwh/#L#glvvhqw=#d#idvw#qhyhu#suhyhqwv#d#idwqhvv>#L#glhw#rq#frg1
Jrg/#qr#hylo/#olyh#rq#grj1
Jrg#olyhg#dv#d#ghylo#grj1
L#oryh#ph/#Yro#L1
L#urdphg#xqghu#lw/#d#wluhg#qxgh#pdrul1
Ohzg#glg#L#olyh#)#hylo#L#glg#gzho1
Pdgdp/#L*p#Dgdp1
Pdg#dv#Vdgdp1#+Fdvvldqr#Ohrqhool#h#Hvwﾢyﾢr#Txhlurjd,
Qdw#vdz#L#zdv#wdq1
Qrw#d#khur#zruh#kdw#rq
Vdwdq#rvfloodwh#p|#phwdoolf#vrqdwdv#+dv#sdodyudv#hvfulwdv#mxqwdv#irupdp#r#wﾢwxor#gh#xp#HS#gd#edqgd#Vrxqgjdughq,
Vhh/#vodyh/#L#ghprqvwudwh#|hw#duwv#qr#phglhydo#vhhv1#+Jhrujhv#Shuhf,
Vwrs#qr#wrs#d#srw#rq#srwv
Vxpv#duh#qrw#vhw#dv#d#whvw#rq#Hudvpxv1
Zdv#lw#d#fdu#ru#d#fdw#L#vdzB
4567887654
456789:;<
4561789:
5678/9876
567/778/888
55451567651567658
45:141414
45:/3/3/3
/38
145
451
456/
